# JRE version: Java(TM) SE Runtime Environment (17.0.10+11) (build 17.0.10+11-LTS-240)
# Java VM: Java HotSpot(TM) 64-Bit Server VM (17.0.10+11-LTS-240, mixed mode, sharing, tiered, compressed oops, compressed class ptrs, g1 gc, windows-amd64)
GC Precious Log:
 CPUs: 16 total, 16 available
 Memory: 7501M
 Large Page Support: Disabled
 NUMA Support: Disabled
 Compressed Oops: Enabled (32-bit)
 Heap Region Size: 1M
 Heap Min Capacity: 8M
 Heap Initial Capacity: 118M
 Heap Max Capacity: 1876M
 Pre-touch: Disabled
 Parallel Workers: 13
 Concurrent Workers: 3
 Concurrent Refinement Workers: 13
 Periodic GC: Disabled
Heap:
 garbage-first heap   total 48128K, used 34496K [0x000000008ac00000, 0x0000000100000000)
  region size 1024K, 19 young (19456K), 2 survivors (2048K)
 Metaspace       used 32553K, committed 33024K, reserved 1114112K
  class space    used 4399K, committed 4608K, reserved 1048576K
GC Heap History (14 events):
Event: 1.723 GC heap before
{Heap before GC invocations=0 (full 0):
 garbage-first heap   total 120832K, used 23552K [0x000000008ac00000, 0x0000000100000000)
  region size 1024K, 23 young (23552K), 0 survivors (0K)
 Metaspace       used 4887K, committed 5056K, reserved 1114112K
  class space    used 572K, committed 640K, reserved 1048576K
}
Event: 1.736 GC heap after
{Heap after GC invocations=1 (full 0):
 garbage-first heap   total 120832K, used 7914K [0x000000008ac00000, 0x0000000100000000)
  region size 1024K, 3 young (3072K), 3 survivors (3072K)
 Metaspace       used 4887K, committed 5056K, reserved 1114112K
  class space    used 572K, committed 640K, reserved 1048576K
}
Event: 3.400 GC heap before
{Heap before GC invocations=1 (full 0):
 garbage-first heap   total 120832K, used 34538K [0x000000008ac00000, 0x0000000100000000)
  region size 1024K, 29 young (29696K), 3 survivors (3072K)
 Metaspace       used 11360K, committed 11584K, reserved 1114112K
  class space    used 1430K, committed 1536K, reserved 1048576K
}
Event: 3.412 GC heap after
{Heap after GC invocations=2 (full 0):
 garbage-first heap   total 120832K, used 10200K [0x000000008ac00000, 0x0000000100000000)
  region size 1024K, 2 young (2048K), 2 survivors (2048K)
 Metaspace       used 11360K, committed 11584K, reserved 1114112K
  class space    used 1430K, committed 1536K, reserved 1048576K
}
Event: 5.997 GC heap before
{Heap before GC invocations=2 (full 0):
 garbage-first heap   total 120832K, used 59352K [0x000000008ac00000, 0x0000000100000000)
  region size 1024K, 51 young (52224K), 2 survivors (2048K)
 Metaspace       used 21181K, committed 21504K, reserved 1114112K
  class space    used 2850K, committed 3008K, reserved 1048576K
}
Event: 6.009 GC heap after
{Heap after GC invocations=3 (full 0):
 garbage-first heap   total 120832K, used 13298K [0x000000008ac00000, 0x0000000100000000)
  region size 1024K, 5 young (5120K), 5 survivors (5120K)
 Metaspace       used 21181K, committed 21504K, reserved 1114112K
  class space    used 2850K, committed 3008K, reserved 1048576K
}
Event: 6.505 GC heap before
{Heap before GC invocations=4 (full 0):
 garbage-first heap   total 48128K, used 35826K [0x000000008ac00000, 0x0000000100000000)
  region size 1024K, 28 young (28672K), 5 survivors (5120K)
 Metaspace       used 25072K, committed 25472K, reserved 1114112K
  class space    used 3372K, committed 3584K, reserved 1048576K
}
Event: 6.515 GC heap after
{Heap after GC invocations=5 (full 0):
 garbage-first heap   total 48128K, used 15244K [0x000000008ac00000, 0x0000000100000000)
  region size 1024K, 3 young (3072K), 3 survivors (3072K)
 Metaspace       used 25072K, committed 25472K, reserved 1114112K
  class space    used 3372K, committed 3584K, reserved 1048576K
}
Event: 6.541 GC heap before
{Heap before GC invocations=5 (full 0):
 garbage-first heap   total 48128K, used 16268K [0x000000008ac00000, 0x0000000100000000)
  region size 1024K, 4 young (4096K), 3 survivors (3072K)
 Metaspace       used 25257K, committed 25600K, reserved 1114112K
  class space    used 3393K, committed 3584K, reserved 1048576K
}
Event: 6.546 GC heap after
{Heap after GC invocations=6 (full 0):
 garbage-first heap   total 48128K, used 15393K [0x000000008ac00000, 0x0000000100000000)
  region size 1024K, 1 young (1024K), 1 survivors (1024K)
 Metaspace       used 25257K, committed 25600K, reserved 1114112K
  class space    used 3393K, committed 3584K, reserved 1048576K
}
Event: 7.191 GC heap before
{Heap before GC invocations=6 (full 0):
 garbage-first heap   total 48128K, used 32801K [0x000000008ac00000, 0x0000000100000000)
  region size 1024K, 18 young (18432K), 1 survivors (1024K)
 Metaspace       used 27478K, committed 27840K, reserved 1114112K
  class space    used 3681K, committed 3840K, reserved 1048576K
}
Event: 7.196 GC heap after
{Heap after GC invocations=7 (full 0):
 garbage-first heap   total 48128K, used 16856K [0x000000008ac00000, 0x0000000100000000)
  region size 1024K, 2 young (2048K), 2 survivors (2048K)
 Metaspace       used 27478K, committed 27840K, reserved 1114112K
  class space    used 3681K, committed 3840K, reserved 1048576K
}
Event: 8.201 GC heap before
{Heap before GC invocations=7 (full 0):
 garbage-first heap   total 48128K, used 34264K [0x000000008ac00000, 0x0000000100000000)
  region size 1024K, 19 young (19456K), 2 survivors (2048K)
 Metaspace       used 30009K, committed 30400K, reserved 1114112K
  class space    used 4006K, committed 4224K, reserved 1048576K
}
Event: 8.214 GC heap after
{Heap after GC invocations=8 (full 0):
 garbage-first heap   total 48128K, used 18112K [0x000000008ac00000, 0x0000000100000000)
  region size 1024K, 2 young (2048K), 2 survivors (2048K)
 Metaspace       used 30009K, committed 30400K, reserved 1114112K
  class space    used 4006K, committed 4224K, reserved 1048576K
}

