# JRE version: Java(TM) SE Runtime Environment (17.0.10+11) (build 17.0.10+11-LTS-240)
# Java VM: Java HotSpot(TM) 64-Bit Server VM (17.0.10+11-LTS-240, mixed mode, sharing, tiered, compressed oops, compressed class ptrs, g1 gc, windows-amd64)
GC Precious Log:
 CPUs: 16 total, 16 available
 Memory: 7501M
 Large Page Support: Disabled
 NUMA Support: Disabled
 Compressed Oops: Enabled (32-bit)
 Heap Region Size: 1M
 Heap Min Capacity: 8M
 Heap Initial Capacity: 118M
 Heap Max Capacity: 1876M
 Pre-touch: Disabled
 Parallel Workers: 13
 Concurrent Workers: 3
 Concurrent Refinement Workers: 13
 Periodic GC: Disabled
Heap:
 garbage-first heap   total 71680K, used 49095K [0x000000008ac00000, 0x0000000100000000)
  region size 1024K, 30 young (30720K), 3 survivors (3072K)
 Metaspace       used 45414K, committed 45888K, reserved 1114112K
  class space    used 6135K, committed 6400K, reserved 1048576K
GC Heap History (20 events):
Event: 2.531 GC heap before
{Heap before GC invocations=0 (full 0):
 garbage-first heap   total 120832K, used 23552K [0x000000008ac00000, 0x0000000100000000)
  region size 1024K, 23 young (23552K), 0 survivors (0K)
 Metaspace       used 5100K, committed 5248K, reserved 1114112K
  class space    used 592K, committed 640K, reserved 1048576K
}
Event: 2.543 GC heap after
{Heap after GC invocations=1 (full 0):
 garbage-first heap   total 120832K, used 8296K [0x000000008ac00000, 0x0000000100000000)
  region size 1024K, 3 young (3072K), 3 survivors (3072K)
 Metaspace       used 5100K, committed 5248K, reserved 1114112K
  class space    used 592K, committed 640K, reserved 1048576K
}
Event: 10.199 GC heap before
{Heap before GC invocations=1 (full 0):
 garbage-first heap   total 120832K, used 34920K [0x000000008ac00000, 0x0000000100000000)
  region size 1024K, 29 young (29696K), 3 survivors (3072K)
 Metaspace       used 11419K, committed 11648K, reserved 1114112K
  class space    used 1436K, committed 1536K, reserved 1048576K
}
Event: 10.211 GC heap after
{Heap after GC invocations=2 (full 0):
 garbage-first heap   total 120832K, used 10240K [0x000000008ac00000, 0x0000000100000000)
  region size 1024K, 2 young (2048K), 2 survivors (2048K)
 Metaspace       used 11419K, committed 11648K, reserved 1114112K
  class space    used 1436K, committed 1536K, reserved 1048576K
}
Event: 18.995 GC heap before
{Heap before GC invocations=2 (full 0):
 garbage-first heap   total 120832K, used 59392K [0x000000008ac00000, 0x0000000100000000)
  region size 1024K, 51 young (52224K), 2 survivors (2048K)
 Metaspace       used 21166K, committed 21504K, reserved 1114112K
  class space    used 2844K, committed 3008K, reserved 1048576K
}
Event: 19.004 GC heap after
{Heap after GC invocations=3 (full 0):
 garbage-first heap   total 120832K, used 13211K [0x000000008ac00000, 0x0000000100000000)
  region size 1024K, 5 young (5120K), 5 survivors (5120K)
 Metaspace       used 21166K, committed 21504K, reserved 1114112K
  class space    used 2844K, committed 3008K, reserved 1048576K
}
Event: 19.518 GC heap before
{Heap before GC invocations=4 (full 0):
 garbage-first heap   total 48128K, used 35739K [0x000000008ac00000, 0x0000000100000000)
  region size 1024K, 28 young (28672K), 5 survivors (5120K)
 Metaspace       used 24916K, committed 25280K, reserved 1114112K
  class space    used 3343K, committed 3520K, reserved 1048576K
}
Event: 19.529 GC heap after
{Heap after GC invocations=5 (full 0):
 garbage-first heap   total 48128K, used 14921K [0x000000008ac00000, 0x0000000100000000)
  region size 1024K, 2 young (2048K), 2 survivors (2048K)
 Metaspace       used 24916K, committed 25280K, reserved 1114112K
  class space    used 3343K, committed 3520K, reserved 1048576K
}
Event: 19.556 GC heap before
{Heap before GC invocations=5 (full 0):
 garbage-first heap   total 48128K, used 15945K [0x000000008ac00000, 0x0000000100000000)
  region size 1024K, 3 young (3072K), 2 survivors (2048K)
 Metaspace       used 25022K, committed 25472K, reserved 1114112K
  class space    used 3361K, committed 3584K, reserved 1048576K
}
Event: 19.560 GC heap after
{Heap after GC invocations=6 (full 0):
 garbage-first heap   total 48128K, used 15206K [0x000000008ac00000, 0x0000000100000000)
  region size 1024K, 1 young (1024K), 1 survivors (1024K)
 Metaspace       used 25022K, committed 25472K, reserved 1114112K
  class space    used 3361K, committed 3584K, reserved 1048576K
}
Event: 20.730 GC heap before
{Heap before GC invocations=6 (full 0):
 garbage-first heap   total 48128K, used 31590K [0x000000008ac00000, 0x0000000100000000)
  region size 1024K, 18 young (18432K), 1 survivors (1024K)
 Metaspace       used 27147K, committed 27520K, reserved 1114112K
  class space    used 3640K, committed 3776K, reserved 1048576K
}
Event: 20.735 GC heap after
{Heap after GC invocations=7 (full 0):
 garbage-first heap   total 48128K, used 16763K [0x000000008ac00000, 0x0000000100000000)
  region size 1024K, 2 young (2048K), 2 survivors (2048K)
 Metaspace       used 27147K, committed 27520K, reserved 1114112K
  class space    used 3640K, committed 3776K, reserved 1048576K
}
Event: 25.595 GC heap before
{Heap before GC invocations=7 (full 0):
 garbage-first heap   total 48128K, used 34171K [0x000000008ac00000, 0x0000000100000000)
  region size 1024K, 19 young (19456K), 2 survivors (2048K)
 Metaspace       used 29652K, committed 29952K, reserved 1114112K
  class space    used 3963K, committed 4096K, reserved 1048576K
}
Event: 25.607 GC heap after
{Heap after GC invocations=8 (full 0):
 garbage-first heap   total 48128K, used 18062K [0x000000008ac00000, 0x0000000100000000)
  region size 1024K, 2 young (2048K), 2 survivors (2048K)
 Metaspace       used 29652K, committed 29952K, reserved 1114112K
  class space    used 3963K, committed 4096K, reserved 1048576K
}
Event: 26.530 GC heap before
{Heap before GC invocations=8 (full 0):
 garbage-first heap   total 48128K, used 34446K [0x000000008ac00000, 0x0000000100000000)
  region size 1024K, 18 young (18432K), 2 survivors (2048K)
 Metaspace       used 32351K, committed 32768K, reserved 1114112K
  class space    used 4367K, committed 4544K, reserved 1048576K
}
Event: 26.543 GC heap after
{Heap after GC invocations=9 (full 0):
 garbage-first heap   total 48128K, used 19388K [0x000000008ac00000, 0x0000000100000000)
  region size 1024K, 3 young (3072K), 3 survivors (3072K)
 Metaspace       used 32351K, committed 32768K, reserved 1114112K
  class space    used 4367K, committed 4544K, reserved 1048576K
}
Event: 27.650 GC heap before
{Heap before GC invocations=9 (full 0):
 garbage-first heap   total 48128K, used 29628K [0x000000008ac00000, 0x0000000100000000)
  region size 1024K, 15 young (15360K), 3 survivors (3072K)
 Metaspace       used 35549K, committed 35968K, reserved 1114112K
  class space    used 4773K, committed 4992K, reserved 1048576K
}
Event: 27.662 GC heap after
{Heap after GC invocations=10 (full 0):
 garbage-first heap   total 48128K, used 20038K [0x000000008ac00000, 0x0000000100000000)
  region size 1024K, 3 young (3072K), 3 survivors (3072K)
 Metaspace       used 35549K, committed 35968K, reserved 1114112K
  class space    used 4773K, committed 4992K, reserved 1048576K
}
Event: 28.253 GC heap before
{Heap before GC invocations=11 (full 0):
 garbage-first heap   total 48128K, used 35398K [0x000000008ac00000, 0x0000000100000000)
  region size 1024K, 19 young (19456K), 3 survivors (3072K)
 Metaspace       used 40377K, committed 40832K, reserved 1114112K
  class space    used 5398K, committed 5632K, reserved 1048576K
}
Event: 28.267 GC heap after
{Heap after GC invocations=12 (full 0):
 garbage-first heap   total 71680K, used 22471K [0x000000008ac00000, 0x0000000100000000)
  region size 1024K, 3 young (3072K), 3 survivors (3072K)
 Metaspace       used 40377K, committed 40832K, reserved 1114112K
  class space    used 5398K, committed 5632K, reserved 1048576K
}

