# JRE version: Java(TM) SE Runtime Environment (17.0.10+11) (build 17.0.10+11-LTS-240)
# Java VM: Java HotSpot(TM) 64-Bit Server VM (17.0.10+11-LTS-240, mixed mode, sharing, tiered, compressed oops, compressed class ptrs, g1 gc, windows-amd64)
GC Precious Log:
 CPUs: 16 total, 16 available
 Memory: 7501M
 Large Page Support: Disabled
 NUMA Support: Disabled
 Compressed Oops: Enabled (32-bit)
 Heap Region Size: 1M
 Heap Min Capacity: 8M
 Heap Initial Capacity: 118M
 Heap Max Capacity: 1876M
 Pre-touch: Disabled
 Parallel Workers: 13
 Concurrent Workers: 3
 Concurrent Refinement Workers: 13
 Periodic GC: Disabled
Heap:
 garbage-first heap   total 55296K, used 29153K [0x000000008ac00000, 0x0000000100000000)
  region size 1024K, 3 young (3072K), 1 survivors (1024K)
 Metaspace       used 53506K, committed 54016K, reserved 1114112K
  class space    used 6987K, committed 7232K, reserved 1048576K
GC Heap History (20 events):
Event: 13.176 GC heap before
{Heap before GC invocations=11 (full 0):
 garbage-first heap   total 45056K, used 34522K [0x000000008ac00000, 0x0000000100000000)
  region size 1024K, 16 young (16384K), 2 survivors (2048K)
 Metaspace       used 42324K, committed 42944K, reserved 1114112K
  class space    used 5516K, committed 5824K, reserved 1048576K
}
Event: 13.180 GC heap after
{Heap after GC invocations=12 (full 0):
 garbage-first heap   total 45056K, used 22109K [0x000000008ac00000, 0x0000000100000000)
  region size 1024K, 2 young (2048K), 2 survivors (2048K)
 Metaspace       used 42324K, committed 42944K, reserved 1114112K
  class space    used 5516K, committed 5824K, reserved 1048576K
}
Event: 13.638 GC heap before
{Heap before GC invocations=12 (full 0):
 garbage-first heap   total 45056K, used 34397K [0x000000008ac00000, 0x0000000100000000)
  region size 1024K, 14 young (14336K), 2 survivors (2048K)
 Metaspace       used 44954K, committed 45568K, reserved 1114112K
  class space    used 5906K, committed 6208K, reserved 1048576K
}
Event: 13.642 GC heap after
{Heap after GC invocations=13 (full 0):
 garbage-first heap   total 45056K, used 23183K [0x000000008ac00000, 0x0000000100000000)
  region size 1024K, 2 young (2048K), 2 survivors (2048K)
 Metaspace       used 44954K, committed 45568K, reserved 1114112K
  class space    used 5906K, committed 6208K, reserved 1048576K
}
Event: 13.910 GC heap before
{Heap before GC invocations=14 (full 0):
 garbage-first heap   total 45056K, used 33423K [0x000000008ac00000, 0x0000000100000000)
  region size 1024K, 12 young (12288K), 2 survivors (2048K)
 Metaspace       used 46181K, committed 46656K, reserved 1114112K
  class space    used 6053K, committed 6272K, reserved 1048576K
}
Event: 13.914 GC heap after
{Heap after GC invocations=15 (full 0):
 garbage-first heap   total 45056K, used 23880K [0x000000008ac00000, 0x0000000100000000)
  region size 1024K, 2 young (2048K), 2 survivors (2048K)
 Metaspace       used 46181K, committed 46656K, reserved 1114112K
  class space    used 6053K, committed 6272K, reserved 1048576K
}
Event: 14.183 GC heap before
{Heap before GC invocations=15 (full 0):
 garbage-first heap   total 45056K, used 34120K [0x000000008ac00000, 0x0000000100000000)
  region size 1024K, 12 young (12288K), 2 survivors (2048K)
 Metaspace       used 47136K, committed 47744K, reserved 1114112K
  class space    used 6186K, committed 6528K, reserved 1048576K
}
Event: 14.187 GC heap after
{Heap after GC invocations=16 (full 0):
 garbage-first heap   total 45056K, used 24634K [0x000000008ac00000, 0x0000000100000000)
  region size 1024K, 2 young (2048K), 2 survivors (2048K)
 Metaspace       used 47136K, committed 47744K, reserved 1114112K
  class space    used 6186K, committed 6528K, reserved 1048576K
}
Event: 14.686 GC heap before
{Heap before GC invocations=17 (full 0):
 garbage-first heap   total 46080K, used 34874K [0x000000008ac00000, 0x0000000100000000)
  region size 1024K, 12 young (12288K), 2 survivors (2048K)
 Metaspace       used 48318K, committed 48896K, reserved 1114112K
  class space    used 6333K, committed 6656K, reserved 1048576K
}
Event: 14.691 GC heap after
{Heap after GC invocations=18 (full 0):
 garbage-first heap   total 55296K, used 25623K [0x000000008ac00000, 0x0000000100000000)
  region size 1024K, 2 young (2048K), 2 survivors (2048K)
 Metaspace       used 48318K, committed 48896K, reserved 1114112K
  class space    used 6333K, committed 6656K, reserved 1048576K
}
Event: 15.351 GC heap before
{Heap before GC invocations=18 (full 0):
 garbage-first heap   total 55296K, used 42007K [0x000000008ac00000, 0x0000000100000000)
  region size 1024K, 18 young (18432K), 2 survivors (2048K)
 Metaspace       used 49888K, committed 50496K, reserved 1114112K
  class space    used 6574K, committed 6848K, reserved 1048576K
}
Event: 15.355 GC heap after
{Heap after GC invocations=19 (full 0):
 garbage-first heap   total 55296K, used 27072K [0x000000008ac00000, 0x0000000100000000)
  region size 1024K, 3 young (3072K), 3 survivors (3072K)
 Metaspace       used 49888K, committed 50496K, reserved 1114112K
  class space    used 6574K, committed 6848K, reserved 1048576K
}
Event: 15.979 GC heap before
{Heap before GC invocations=20 (full 0):
 garbage-first heap   total 55296K, used 42432K [0x000000008ac00000, 0x0000000100000000)
  region size 1024K, 18 young (18432K), 3 survivors (3072K)
 Metaspace       used 51524K, committed 52096K, reserved 1114112K
  class space    used 6793K, committed 7104K, reserved 1048576K
}
Event: 15.983 GC heap after
{Heap after GC invocations=21 (full 0):
 garbage-first heap   total 55296K, used 28227K [0x000000008ac00000, 0x0000000100000000)
  region size 1024K, 3 young (3072K), 3 survivors (3072K)
 Metaspace       used 51524K, committed 52096K, reserved 1114112K
  class space    used 6793K, committed 7104K, reserved 1048576K
}
Event: 97.525 GC heap before
{Heap before GC invocations=21 (full 0):
 garbage-first heap   total 55296K, used 43587K [0x000000008ac00000, 0x0000000100000000)
  region size 1024K, 18 young (18432K), 3 survivors (3072K)
 Metaspace       used 53263K, committed 53824K, reserved 1114112K
  class space    used 6991K, committed 7232K, reserved 1048576K
}
Event: 97.563 GC heap after
{Heap after GC invocations=22 (full 0):
 garbage-first heap   total 55296K, used 28661K [0x000000008ac00000, 0x0000000100000000)
  region size 1024K, 2 young (2048K), 2 survivors (2048K)
 Metaspace       used 53263K, committed 53824K, reserved 1114112K
  class space    used 6991K, committed 7232K, reserved 1048576K
}
Event: 241.263 GC heap before
{Heap before GC invocations=23 (full 0):
 garbage-first heap   total 55296K, used 44021K [0x000000008ac00000, 0x0000000100000000)
  region size 1024K, 17 young (17408K), 2 survivors (2048K)
 Metaspace       used 53503K, committed 54016K, reserved 1114112K
  class space    used 6987K, committed 7232K, reserved 1048576K
}
Event: 241.314 GC heap after
{Heap after GC invocations=24 (full 0):
 garbage-first heap   total 55296K, used 28706K [0x000000008ac00000, 0x0000000100000000)
  region size 1024K, 1 young (1024K), 1 survivors (1024K)
 Metaspace       used 53503K, committed 54016K, reserved 1114112K
  class space    used 6987K, committed 7232K, reserved 1048576K
}
Event: 249.530 GC heap before
{Heap before GC invocations=24 (full 0):
 garbage-first heap   total 55296K, used 29730K [0x000000008ac00000, 0x0000000100000000)
  region size 1024K, 2 young (2048K), 1 survivors (1024K)
 Metaspace       used 53505K, committed 54016K, reserved 1114112K
  class space    used 6987K, committed 7232K, reserved 1048576K
}
Event: 249.586 GC heap after
{Heap after GC invocations=25 (full 0):
 garbage-first heap   total 55296K, used 28129K [0x000000008ac00000, 0x0000000100000000)
  region size 1024K, 1 young (1024K), 1 survivors (1024K)
 Metaspace       used 53505K, committed 54016K, reserved 1114112K
  class space    used 6987K, committed 7232K, reserved 1048576K
}

